           _                 _    
  __ _  __| |_ __ __ _ _ __ | |_  
 / _` |/ _` | '__/ _` | '_ \| __| 
| (_| | (_| | | | (_| | | | | |_  
 \__, |\__,_|_|  \__,_|_| |_|\__| 
    |_|                           

Version: 1.11.4, build: d8b6e4a0
Access web UI at http://localhost:6333/dashboard

2024-09-22T11:50:28.186617Z  INFO storage::content_manager::consensus::persistent: Loading raft state from ./storage/raft_state.json    
2024-09-22T11:50:28.189202Z DEBUG storage::content_manager::consensus::persistent: State: Persistent { state: RaftState { hard_state: HardState { term: 0, vote: 0, commit: 0 }, conf_state: ConfState { voters: [4988932129292489], learners: [], voters_outgoing: [], learners_next: [], auto_leave: false } }, latest_snapshot_meta: SnapshotMetadataSer { term: 0, index: 0 }, apply_progress_queue: EntryApplyProgressQueue(None), peer_address_by_id: RwLock { data: {} }, peer_metadata_by_id: RwLock { data: {} }, cluster_metadata: {}, this_peer_id: 4988932129292489, path: "./storage/raft_state.json", dirty: false }    
2024-09-22T11:50:28.212669Z  INFO storage::content_manager::toc: Loading collection: default    
2024-09-22T11:50:28.347232Z  INFO collection::shards::local_shard: Recovering collection default: 0/1 (0%)    
2024-09-22T11:50:28.436395Z  INFO collection::shards::local_shard: Recovered collection default: 1/1 (100%)    
2024-09-22T11:50:28.456520Z DEBUG qdrant: Loaded collection: default    
2024-09-22T11:50:28.456631Z  INFO qdrant: Distributed mode disabled    
2024-09-22T11:50:28.456867Z  INFO qdrant: Telemetry reporting disabled    
2024-09-22T11:50:28.457577Z DEBUG qdrant: Waiting for thread web to finish    
2024-09-22T11:50:28.459651Z  WARN qdrant::actix::web_ui: Static content folder for Web UI './static' does not exist    
2024-09-22T11:50:28.461011Z  INFO qdrant::actix: TLS disabled for REST API    
2024-09-22T11:50:28.461917Z  INFO qdrant::actix: Qdrant HTTP listening on 6333    
2024-09-22T11:50:28.462329Z  INFO actix_server::builder: Starting 7 workers
2024-09-22T11:50:28.462445Z  INFO actix_server::server: Actix runtime found; starting in Actix runtime
2024-09-22T11:50:28.470983Z  INFO qdrant::tonic: Qdrant gRPC listening on 6334    
2024-09-22T11:50:28.471014Z  INFO qdrant::tonic: TLS disabled for gRPC API    
2024-09-22T11:50:38.213939Z  INFO storage::content_manager::toc::collection_meta_ops: Deleting collection default    
2024-09-22T11:50:38.217715Z DEBUG collection::update_handler: Stopping flush worker.    
2024-09-22T11:50:38.234990Z  INFO actix_web::middleware::logger: 127.0.0.1 "DELETE /collections/default HTTP/1.1" 200 48 "-" "curl/7.81.0" 0.025761    
2024-09-22T11:51:03.368663Z DEBUG storage::content_manager::snapshots::recover: Downloading snapshot from file:///home/adi/gaianet/qdrant/snapshots/default/default.snapshot to /home/adi/gaianet/qdrant/./snapshots/tmp/download-dbcs41    
2024-09-22T11:51:03.368747Z DEBUG storage::content_manager::snapshots::recover: Snapshot downloaded to /home/adi/gaianet/qdrant/snapshots/default/default.snapshot    
2024-09-22T11:51:03.369971Z DEBUG storage::content_manager::snapshots::recover: Recovering collection default from snapshot /home/adi/gaianet/qdrant/snapshots/default/default.snapshot    
2024-09-22T11:51:03.369990Z DEBUG storage::content_manager::snapshots::recover: Unpacking snapshot to /home/adi/gaianet/qdrant/./storage/tmp/col-default-recovery-GxRcL3    
2024-09-22T11:51:05.286602Z DEBUG storage::content_manager::snapshots::recover: Collection default does not exist, creating it    
2024-09-22T11:51:05.288794Z  INFO storage::content_manager::toc::collection_meta_ops: Creating collection default    
2024-09-22T11:51:05.564843Z DEBUG collection::collection: Changing shard default:0 replica state from Some(Initializing) to Active    
2024-09-22T11:51:05.565669Z DEBUG collection::shards::replica_set: Changing local shard default:0 state from Some(Initializing) to Active    
2024-09-22T11:51:05.583100Z DEBUG storage::content_manager::snapshots::recover: Recovering shard 0 from /home/adi/gaianet/qdrant/./storage/tmp/col-default-recovery-GxRcL3/0    
2024-09-22T11:51:05.591511Z DEBUG collection::update_handler: Stopping flush worker.    
2024-09-22T11:51:05.843441Z  INFO collection::shards::local_shard: Recovering collection default: 0/41 (0%)    
2024-09-22T11:51:05.923683Z  INFO collection::shards::local_shard: Recovered collection default: 41/41 (100%)    
2024-09-22T11:51:05.926049Z DEBUG storage::content_manager::snapshots::recover: Activating shard 0 of collection default locally    
2024-09-22T11:51:05.926069Z DEBUG collection::collection: Changing shard default:0 replica state from Some(Active) to Active    
2024-09-22T11:51:05.926075Z DEBUG collection::shards::replica_set: Changing local shard default:0 state from Some(Active) to Active    
2024-09-22T11:51:05.930305Z  INFO actix_web::middleware::logger: 127.0.0.1 "POST /collections/default/snapshots/upload?priority=snapshot HTTP/1.1" 200 48 "-" "curl/7.81.0" 3.349249    
2024-09-22T11:51:10.965717Z  INFO actix_server::server: SIGTERM received; starting graceful shutdown
2024-09-22T11:51:10.965717Z DEBUG qdrant::tonic: Stopping gRPC service on SIGTERM    
2024-09-22T11:51:10.966315Z  INFO actix_server::worker: Shutting down idle worker
2024-09-22T11:51:10.966329Z  INFO actix_server::worker: Shutting down idle worker
2024-09-22T11:51:10.966337Z DEBUG actix_server::accept: Paused accepting connections on 127.0.0.1:6333
2024-09-22T11:51:10.966362Z  INFO actix_server::accept: Accept thread stopped
2024-09-22T11:51:10.966364Z  INFO actix_server::worker: Shutting down idle worker
2024-09-22T11:51:10.966381Z  INFO actix_server::worker: Shutting down idle worker
2024-09-22T11:51:10.966387Z  INFO actix_server::worker: Shutting down idle worker
2024-09-22T11:51:10.966385Z  INFO actix_server::worker: Shutting down idle worker
2024-09-22T11:51:10.966420Z  INFO actix_server::worker: Shutting down idle worker
2024-09-22T11:51:11.270070Z DEBUG qdrant: Waiting for thread grpc to finish    
2024-09-22T11:51:11.271079Z DEBUG collection::update_handler: Stopping flush worker.    
