           _                 _    
  __ _  __| |_ __ __ _ _ __ | |_  
 / _` |/ _` | '__/ _` | '_ \| __| 
| (_| | (_| | | | (_| | | | | |_  
 \__, |\__,_|_|  \__,_|_| |_|\__| 
    |_|                           

Version: 1.11.4, build: d8b6e4a0
Access web UI at http://localhost:6333/dashboard

2024-09-22T11:52:11.293726Z  INFO storage::content_manager::consensus::persistent: Loading raft state from ./storage/raft_state.json    
2024-09-22T11:52:11.296094Z DEBUG storage::content_manager::consensus::persistent: State: Persistent { state: RaftState { hard_state: HardState { term: 0, vote: 0, commit: 0 }, conf_state: ConfState { voters: [4988932129292489], learners: [], voters_outgoing: [], learners_next: [], auto_leave: false } }, latest_snapshot_meta: SnapshotMetadataSer { term: 0, index: 0 }, apply_progress_queue: EntryApplyProgressQueue(None), peer_address_by_id: RwLock { data: {} }, peer_metadata_by_id: RwLock { data: {} }, cluster_metadata: {}, this_peer_id: 4988932129292489, path: "./storage/raft_state.json", dirty: false }    
2024-09-22T11:52:11.333363Z  INFO storage::content_manager::toc: Loading collection: default    
2024-09-22T11:52:11.591303Z  INFO collection::shards::local_shard: Recovering collection default: 0/1 (0%)    
2024-09-22T11:52:11.643651Z  INFO collection::shards::local_shard: Recovered collection default: 1/1 (100%)    
2024-09-22T11:52:11.649065Z DEBUG qdrant: Loaded collection: default    
2024-09-22T11:52:11.649083Z  INFO qdrant: Distributed mode disabled    
2024-09-22T11:52:11.649451Z  INFO qdrant: Telemetry reporting disabled    
2024-09-22T11:52:11.649926Z DEBUG qdrant: Waiting for thread web to finish    
2024-09-22T11:52:11.651594Z  WARN qdrant::actix::web_ui: Static content folder for Web UI './static' does not exist    
2024-09-22T11:52:11.651874Z  INFO qdrant::actix: TLS disabled for REST API    
2024-09-22T11:52:11.652284Z  INFO qdrant::actix: Qdrant HTTP listening on 6333    
2024-09-22T11:52:11.652664Z  INFO actix_server::builder: Starting 7 workers
2024-09-22T11:52:11.652678Z  INFO actix_server::server: Actix runtime found; starting in Actix runtime
2024-09-22T11:52:11.654462Z  INFO qdrant::tonic: Qdrant gRPC listening on 6334    
2024-09-22T11:52:11.654490Z  INFO qdrant::tonic: TLS disabled for gRPC API    
2024-09-22T11:52:27.588312Z  INFO actix_web::middleware::logger: 127.0.0.1 "POST /collections/default/points/search HTTP/1.1" 200 46 "-" "-" 0.059833    
2024-09-22T11:52:49.103173Z  INFO actix_web::middleware::logger: 127.0.0.1 "POST /collections/default/points/search HTTP/1.1" 200 28731 "-" "-" 0.017490    
2024-09-22T11:55:41.440938Z  INFO actix_web::middleware::logger: 127.0.0.1 "POST /collections/default/points/search HTTP/1.1" 200 29625 "-" "-" 0.045250    
2024-09-22T11:57:01.831257Z  INFO actix_web::middleware::logger: 127.0.0.1 "POST /collections/default/points/search HTTP/1.1" 200 29642 "-" "-" 0.112587    
